<?xml version="1.0" encoding="UTF-8"?>
<!-- Generated by org.testng.reporters.JUnitXMLReporter -->
<testsuite ignored="0" hostname="admins-MacBook-Pro.local" failures="0" tests="2" name="Test One" time="0.085" errors="0" timestamp="2020-07-19T16:04:54 IST">
  <testcase classname="qaacademy.TestAutomationProject.HomePage" name="@BeforeTest launching" time="0.011">
    <failure type="java.lang.NullPointerException">
      <![CDATA[java.lang.NullPointerException
at resources.Base.initialize(Base.java:31)
at qaacademy.TestAutomationProject.HomePage.launching(HomePage.java:22)
at java.base/java.util.concurrent.FutureTask.run(FutureTask.java:264)
at java.base/java.util.concurrent.ThreadPoolExecutor.runWorker(ThreadPoolExecutor.java:1128)
at java.base/java.util.concurrent.ThreadPoolExecutor$Worker.run(ThreadPoolExecutor.java:628)
at java.base/java.lang.Thread.run(Thread.java:834)
... Removed 15 stack frames]]>
    </failure>
  </testcase> <!-- @BeforeTest launching -->
  <testcase classname="qaacademy.TestAutomationProject.HomePage" name="@AfterTest closure" time="-1.595154894605E9">
    <skipped/>
  </testcase> <!-- @AfterTest closure -->
  <testcase classname="qaacademy.TestAutomationProject.HomePage" name="function" time="0.0">
    <skipped/>
  </testcase> <!-- function -->
  <testcase classname="qaacademy.TestAutomationProject.verifyHomePageElement" name="FetchTitle" time="0.0">
    <skipped/>
  </testcase> <!-- FetchTitle -->
</testsuite> <!-- Test One -->
